-------------------------------------------------------------------------------
Test set: com.jspdemo.ApplicationTests
-------------------------------------------------------------------------------
Tests run: 1, Failures: 0, Errors: 1, Skipped: 0, Time elapsed: 11.025 s <<< FAILURE! - in com.jspdemo.ApplicationTests
contextLoads  Time elapsed: 0.024 s  <<< ERROR!
java.lang.IllegalStateException: Failed to load ApplicationContext
Caused by: org.springframework.beans.factory.UnsatisfiedDependencyException: Error creating bean with name 'bookController' defined in file [C:\Users\charuli.shirsath\Downloads\jsp-servlet-demo\target\classes\com\jspdemo\controller\BookController.class]: Unsatisfied dependency expressed through constructor parameter 0; nested exception is org.springframework.beans.factory.UnsatisfiedDependencyException: Error creating bean with name 'bookServiceImpl' defined in file [C:\Users\charuli.shirsath\Downloads\jsp-servlet-demo\target\classes\com\jspdemo\service\BookServiceImpl.class]: Unsatisfied dependency expressed through constructor parameter 0; nested exception is org.springframework.beans.factory.NoUniqueBeanDefinitionException: No qualifying bean of type 'com.jspdemo.repository.Impl.BookRepository' available: expected single matching bean but found 2: inMemoryBookRepository,provideBookRepository
Caused by: org.springframework.beans.factory.UnsatisfiedDependencyException: Error creating bean with name 'bookServiceImpl' defined in file [C:\Users\charuli.shirsath\Downloads\jsp-servlet-demo\target\classes\com\jspdemo\service\BookServiceImpl.class]: Unsatisfied dependency expressed through constructor parameter 0; nested exception is org.springframework.beans.factory.NoUniqueBeanDefinitionException: No qualifying bean of type 'com.jspdemo.repository.Impl.BookRepository' available: expected single matching bean but found 2: inMemoryBookRepository,provideBookRepository
Caused by: org.springframework.beans.factory.NoUniqueBeanDefinitionException: No qualifying bean of type 'com.jspdemo.repository.Impl.BookRepository' available: expected single matching bean but found 2: inMemoryBookRepository,provideBookRepository

